app/build/intermediates/manifest_merge_blame_file/debug/manifest-merger-blame-debug-report.txt
1<?xml version="1.0" encoding="utf-8"?>
2<!--
3 The version number defined here is sent to the GTV box when the
4     remote connects to it. This number is compared with the one defined
5     in IpRemote/res/values/string.xml to determine if a new version is
6     available
7-->
8<manifest xmlns:android="http://schemas.android.com/apk/res/android"
9    package="com.google.android.apps.tvremote"
10    android:installLocation="auto"
11    android:versionCode="23"
12    android:versionName="1.0.2" >
13
14    <uses-sdk
14-->src\main\AndroidManifest.xml:82:3-40
15        android:minSdkVersion="4"
15-->src\main\AndroidManifest.xml:82:13-38
16        android:targetSdkVersion="4" />
16-->src\main\AndroidManifest.xml:82:3-40
17
18    <uses-permission android:name="android.permission.INTERNET" />
18-->src\main\AndroidManifest.xml:75:3-65
18-->src\main\AndroidManifest.xml:75:20-62
19    <uses-permission android:name="android.permission.ACCESS_WIFI_STATE" />
19-->src\main\AndroidManifest.xml:76:3-74
19-->src\main\AndroidManifest.xml:76:20-71
20    <uses-permission android:name="android.permission.VIBRATE" />
20-->src\main\AndroidManifest.xml:77:3-64
20-->src\main\AndroidManifest.xml:77:20-61
21
22    <uses-feature
22-->src\main\AndroidManifest.xml:79:3-87
23        android:name="android.hardware.touchscreen"
23-->src\main\AndroidManifest.xml:79:41-84
24        android:required="true" />
24-->src\main\AndroidManifest.xml:79:17-40
25    <uses-feature
25-->src\main\AndroidManifest.xml:80:3-80
26        android:name="android.hardware.wifi"
26-->src\main\AndroidManifest.xml:80:41-77
27        android:required="true" />
27-->src\main\AndroidManifest.xml:80:17-40
28
29    <supports-screens android:smallScreens="false" />
29-->src\main\AndroidManifest.xml:84:3-52
29-->src\main\AndroidManifest.xml:84:21-49
30
31    <application
31-->src\main\AndroidManifest.xml:12:3-73:17
32        android:debuggable="true"
32-->src\main\AndroidManifest.xml:14:16-41
33        android:icon="@drawable/app_icon"
33-->src\main\AndroidManifest.xml:12:16-49
34        android:label="@string/app_name"
34-->src\main\AndroidManifest.xml:13:16-48
35        android:testOnly="true" >
36        <activity
36-->src\main\AndroidManifest.xml:16:5-27:16
37            android:name="com.google.android.apps.tvremote.StartupActivity"
37-->src\main\AndroidManifest.xml:16:15-46
38            android:noHistory="true"
38-->src\main\AndroidManifest.xml:16:47-71
39            android:theme="@android:style/Theme.NoTitleBar" >
39-->src\main\AndroidManifest.xml:17:15-62
40            <intent-filter>
40-->src\main\AndroidManifest.xml:18:7-21:23
41                <action android:name="android.intent.action.MAIN" />
41-->src\main\AndroidManifest.xml:19:9-61
41-->src\main\AndroidManifest.xml:19:17-58
42
43                <category android:name="android.intent.category.LAUNCHER" />
43-->src\main\AndroidManifest.xml:20:9-69
43-->src\main\AndroidManifest.xml:20:19-66
44            </intent-filter>
45            <intent-filter>
45-->src\main\AndroidManifest.xml:22:7-26:23
46                <action android:name="android.intent.action.SEND" />
46-->src\main\AndroidManifest.xml:23:9-60
46-->src\main\AndroidManifest.xml:23:17-58
47
48                <category android:name="android.intent.category.DEFAULT" />
48-->src\main\AndroidManifest.xml:24:9-67
48-->src\main\AndroidManifest.xml:24:19-65
49
50                <data android:mimeType="text/plain" />
50-->src\main\AndroidManifest.xml:25:9-46
50-->src\main\AndroidManifest.xml:25:15-44
51            </intent-filter>
52        </activity>
53        <activity
53-->src\main\AndroidManifest.xml:29:5-33:54
54            android:name="com.google.android.apps.tvremote.MainActivity"
54-->src\main\AndroidManifest.xml:29:15-42
55            android:configChanges="orientation|keyboardHidden"
55-->src\main\AndroidManifest.xml:31:15-65
56            android:screenOrientation="portrait"
56-->src\main\AndroidManifest.xml:33:15-51
57            android:theme="@android:style/Theme.NoTitleBar"
57-->src\main\AndroidManifest.xml:30:15-62
58            android:windowSoftInputMode="adjustPan" />
58-->src\main\AndroidManifest.xml:32:15-54
59        <activity
59-->src\main\AndroidManifest.xml:35:5-39:51
60            android:name="com.google.android.apps.tvremote.KeyboardActivity"
60-->src\main\AndroidManifest.xml:35:15-46
61            android:configChanges="orientation|keyboardHidden"
61-->src\main\AndroidManifest.xml:38:15-65
62            android:screenOrientation="sensor"
62-->src\main\AndroidManifest.xml:39:15-49
63            android:theme="@android:style/Theme.Translucent.NoTitleBar"
63-->src\main\AndroidManifest.xml:36:15-74
64            android:windowSoftInputMode="stateAlwaysVisible|adjustResize" />
64-->src\main\AndroidManifest.xml:37:15-76
65        <activity
65-->src\main\AndroidManifest.xml:41:5-45:53
66            android:name="com.google.android.apps.tvremote.ShortcutsActivity"
66-->src\main\AndroidManifest.xml:41:15-47
67            android:configChanges="orientation|keyboardHidden"
67-->src\main\AndroidManifest.xml:44:15-65
68            android:screenOrientation="portrait"
68-->src\main\AndroidManifest.xml:45:15-51
69            android:theme="@android:style/Theme.NoTitleBar"
69-->src\main\AndroidManifest.xml:42:15-62
70            android:windowSoftInputMode="adjustPan" />
70-->src\main\AndroidManifest.xml:43:15-54
71        <activity
71-->src\main\AndroidManifest.xml:47:5-50:47
72            android:name="com.google.android.apps.tvremote.DeviceFinder"
72-->src\main\AndroidManifest.xml:47:15-42
73            android:label="@string/finder_label"
73-->src\main\AndroidManifest.xml:49:15-51
74            android:launchMode="singleTop"
74-->src\main\AndroidManifest.xml:50:15-45
75            android:theme="@android:style/Theme.Translucent.NoTitleBar" />
75-->src\main\AndroidManifest.xml:48:15-74
76        <activity
76-->src\main\AndroidManifest.xml:52:5-55:47
77            android:name="com.google.android.apps.tvremote.PairingActivity"
77-->src\main\AndroidManifest.xml:52:15-45
78            android:label="@string/pairing_activity_label"
78-->src\main\AndroidManifest.xml:54:15-61
79            android:launchMode="singleTop"
79-->src\main\AndroidManifest.xml:55:15-45
80            android:theme="@android:style/Theme.Translucent.NoTitleBar" />
80-->src\main\AndroidManifest.xml:53:15-74
81        <activity
81-->src\main\AndroidManifest.xml:57:5-60:54
82            android:name="com.google.android.apps.tvremote.AboutActivity"
82-->src\main\AndroidManifest.xml:57:15-43
83            android:launchMode="singleTask"
83-->src\main\AndroidManifest.xml:59:15-46
84            android:screenOrientation="portrait"
84-->src\main\AndroidManifest.xml:60:15-51
85            android:theme="@android:style/Theme.NoTitleBar" />
85-->src\main\AndroidManifest.xml:58:15-62
86        <activity
86-->src\main\AndroidManifest.xml:62:5-65:54
87            android:name="com.google.android.apps.tvremote.TutorialActivity"
87-->src\main\AndroidManifest.xml:62:15-46
88            android:launchMode="singleTask"
88-->src\main\AndroidManifest.xml:64:15-46
89            android:screenOrientation="portrait"
89-->src\main\AndroidManifest.xml:65:15-51
90            android:theme="@android:style/Theme.NoTitleBar" />
90-->src\main\AndroidManifest.xml:63:15-62
91
92        <service
92-->src\main\AndroidManifest.xml:67:5-71:64
93            android:name="com.google.android.apps.tvremote.CoreService"
93-->src\main\AndroidManifest.xml:67:14-40
94            android:enabled="true"
94-->src\main\AndroidManifest.xml:69:14-36
95            android:exported="true"
95-->src\main\AndroidManifest.xml:70:14-37
96            android:label="@string/core_service_label"
96-->src\main\AndroidManifest.xml:68:14-56
97            android:permission="android.permission.INTERNET" />
97-->src\main\AndroidManifest.xml:71:14-62
98    </application>
99
100</manifest>